  buybook.c
  for_1.c
for_1.c(4): warning C4101: 'k' :참조되지 않은 지역 변수입니다.
  main.c
main.c(4): warning C4013: 'playground'이(가) 정의되지 않았습니다. extern은 int형을 반환하는 것으로 간주합니다.
  opcast01.c
  oplogical01.c
  oplogical02.c
  oprelational01.c
  opsizeof01.c
  playground.c
playground.c(6): warning C4996: 'scanf': This function or variable may be unsafe. Consider using scanf_s instead. To disable deprecation, use _CRT_SECURE_NO_WARNINGS. See online help for details.
  C:\Program Files (x86)\Windows Kits\10\Include\10.0.14393.0\ucrt\stdio.h(1269): note: 'scanf' 선언을 참조하십시오.
  saju.c
saju.c(7): warning C4996: 'scanf': This function or variable may be unsafe. Consider using scanf_s instead. To disable deprecation, use _CRT_SECURE_NO_WARNINGS. See online help for details.
  C:\Program Files (x86)\Windows Kits\10\Include\10.0.14393.0\ucrt\stdio.h(1269): note: 'scanf' 선언을 참조하십시오.
  tunnel.c
tunnel.c(6): warning C4996: 'scanf': This function or variable may be unsafe. Consider using scanf_s instead. To disable deprecation, use _CRT_SECURE_NO_WARNINGS. See online help for details.
  C:\Program Files (x86)\Windows Kits\10\Include\10.0.14393.0\ucrt\stdio.h(1269): note: 'scanf' 선언을 참조하십시오.
  while_1.c
while_1.c(6): warning C4996: 'scanf': This function or variable may be unsafe. Consider using scanf_s instead. To disable deprecation, use _CRT_SECURE_NO_WARNINGS. See online help for details.
  C:\Program Files (x86)\Windows Kits\10\Include\10.0.14393.0\ucrt\stdio.h(1269): note: 'scanf' 선언을 참조하십시오.
  while_4.c
while_4.c(5): warning C4996: 'scanf': This function or variable may be unsafe. Consider using scanf_s instead. To disable deprecation, use _CRT_SECURE_NO_WARNINGS. See online help for details.
  C:\Program Files (x86)\Windows Kits\10\Include\10.0.14393.0\ucrt\stdio.h(1269): note: 'scanf' 선언을 참조하십시오.
  코드를 생성하고 있습니다.
c:\users\dsm2017\google 드라이브\자료\프로젝트\c_class\c_class\playground.c(10): warning C4716: 'playground': 값을 반환해야 합니다.
  All 8 functions were compiled because no usable IPDB/IOBJ from previous compilation was found.
  코드를 생성했습니다.
  C_Class.vcxproj -> C:\Users\dsm2017\Google 드라이브\자료\프로젝트\C_Class\Release\C_Class.exe
